<?xml version="1.0" encoding="UTF-8"?>
<!-- Generated by org.testng.reporters.JUnitXMLReporter -->
<testsuite ignored="0" hostname="mindc1d277" failures="0" tests="10" name="Default test" time="41.775" errors="0" timestamp="2022-06-05T16:05:54 IST">
  <testcase classname="com.md.runner.TestC" name="test1" time="3.178"/>
  <testcase classname="com.md.runner.TestC" name="test2" time="1.266"/>
  <testcase classname="com.md.runner.TestC" name="test3" time="2.995"/>
  <testcase classname="com.md.runner.TestC" name="test4" time="0.633"/>
  <testcase classname="com.md.runner.TestC" name="test5" time="10.518"/>
  <testcase classname="com.md.runner.TestC" name="test6" time="2.425"/>
  <testcase classname="com.md.runner.TestC" name="test7" time="2.251"/>
  <testcase classname="com.md.runner.TestC" name="test8" time="3.165"/>
  <testcase classname="com.md.runner.TestC" name="test9" time="2.15"/>
  <testcase classname="com.md.runner.TestC" name="test10" time="2.192"/>
</testsuite> <!-- Default test -->
